<?xml version="1.0" encoding="UTF-8"?>
<testng-results skipped="0" failed="0" ignored="0" total="1" passed="1">
  <reporter-output>
  </reporter-output>
  <suite name="Default suite" duration-ms="90885" started-at="2018-07-29T16:37:38Z" finished-at="2018-07-29T16:39:09Z">
    <groups>
    </groups>
    <test name="Default test" duration-ms="90885" started-at="2018-07-29T16:37:38Z" finished-at="2018-07-29T16:39:09Z">
      <class name="mx.frap.test.smoke.TestCase006">
        <test-method status="PASS" signature="preCondition()[pri:0, instance:mx.frap.test.smoke.TestCase006@ea1a8d5]" name="preCondition" is-config="true" duration-ms="78942" started-at="2018-07-29T16:37:38Z" finished-at="2018-07-29T16:38:57Z">
          <reporter-output>
          </reporter-output>
        </test-method> <!-- preCondition -->
        <test-method status="PASS" signature="testcase005()[pri:0, instance:mx.frap.test.smoke.TestCase006@ea1a8d5]" name="testcase005" duration-ms="8322" started-at="2018-07-29T16:38:57Z" finished-at="2018-07-29T16:39:05Z">
          <reporter-output>
          </reporter-output>
        </test-method> <!-- testcase005 -->
        <test-method status="PASS" signature="postCondition()[pri:0, instance:mx.frap.test.smoke.TestCase006@ea1a8d5]" name="postCondition" is-config="true" duration-ms="3601" started-at="2018-07-29T16:39:05Z" finished-at="2018-07-29T16:39:09Z">
          <reporter-output>
          </reporter-output>
        </test-method> <!-- postCondition -->
      </class> <!-- mx.frap.test.smoke.TestCase006 -->
    </test> <!-- Default test -->
  </suite> <!-- Default suite -->
</testng-results>
